<?xml version="1.0" encoding="UTF-8"?>
<!-- Generated by org.testng.reporters.JUnitReportReporter -->
<testsuite hostname="DESKTOP-5U9F6V6" failures="0" tests="3" name="xml.XML" time="16.751" errors="0" timestamp="2023-10-17T12:59:55 IST" skipped="0">
  <testcase classname="xml.XML" name="testCaseOne" time="0.032"/>
  <system-out/>
  <testcase classname="xml.XML" name="testCasetwo" time="0.006"/>
  <system-out/>
  <testcase classname="xml.XML" name="vitiger" time="16.713"/>
  <system-out/>
</testsuite> <!-- xml.XML -->
