<?xml version="1.0" encoding="UTF-8"?>
<!-- Generated by org.testng.reporters.JUnitReportReporter -->
<testsuite hostname="DESKTOP-5U9F6V6" failures="0" tests="1" name="script.Actitime" time="17.491" errors="0" timestamp="2023-10-16T11:07:33 IST" skipped="0">
  <testcase classname="script.Actitime" name="Login" time="17.491"/>
  <system-out/>
</testsuite> <!-- script.Actitime -->
