<?xml version="1.0" encoding="UTF-8"?>
<!-- Generated by org.testng.reporters.JUnitReportReporter -->
<testsuite hostname="DESKTOP-5U9F6V6" failures="0" tests="5" name="test.Orangehrm" time="15.096" errors="0" timestamp="2023-10-18T18:16:02 IST" skipped="0">
  <testcase classname="test.Orangehrm" name="Loginpage" time="2.016"/>
  <system-out/>
  <testcase classname="test.Orangehrm" name="pim" time="4.151"/>
  <system-out/>
  <testcase classname="test.Orangehrm" name="AddEmploy" time="2.051"/>
  <system-out/>
  <testcase classname="test.Orangehrm" name="Add" time="2.357"/>
  <system-out/>
  <testcase classname="test.Orangehrm" name="detail" time="4.521"/>
  <system-out/>
</testsuite> <!-- test.Orangehrm -->
