<?xml version="1.0" encoding="UTF-8"?>
<!-- Generated by org.testng.reporters.JUnitReportReporter -->
<testsuite hostname="DESKTOP-5U9F6V6" failures="0" tests="1" name="pom.TestActitimeLogin" time="12.895" errors="0" timestamp="2023-10-18T16:11:00 IST" skipped="0">
  <testcase classname="pom.TestActitimeLogin" name="testlogin" time="12.895"/>
  <system-out/>
</testsuite> <!-- pom.TestActitimeLogin -->
