<?xml version="1.0" encoding="UTF-8"?>
<!-- Generated by org.testng.reporters.JUnitReportReporter -->
<testsuite hostname="DESKTOP-5U9F6V6" failures="0" tests="2" name="excel.Actitime" time="290.664" errors="1" timestamp="2023-10-14T18:19:53 IST" skipped="0">
  <testcase classname="excel.Actitime" name="update" time="252.170">
    <error message="org.apache.poi.openxml4j.exceptions.InvalidFormatException: Package should contain a content type part [M1.13]" type="org.apache.poi.POIXMLException">
      <![CDATA[org.apache.poi.POIXMLException: org.apache.poi.openxml4j.exceptions.InvalidFormatException: Package should contain a content type part [M1.13]
at org.apache.poi.util.PackageHelper.open(PackageHelper.java:41)
at org.apache.poi.xssf.usermodel.XSSFWorkbook.<init>(XSSFWorkbook.java:204)
at utilities.ExcelUtility.initializeWorkbook(ExcelUtility.java:20)
at utilities.ExcelUtility.updateExcelContent(ExcelUtility.java:56)
at excel.Actitime.update(Actitime.java:44)
at excel.Actitime.update(Actitime.java:50)
at excel.Actitime.update(Actitime.java:50)
at excel.Actitime.update(Actitime.java:50)
at excel.Actitime.update(Actitime.java:50)
at excel.Actitime.update(Actitime.java:50)
at excel.Actitime.update(Actitime.java:50)
at excel.Actitime.update(Actitime.java:50)
at excel.Actitime.update(Actitime.java:50)
at excel.Actitime.update(Actitime.java:50)
at excel.Actitime.update(Actitime.java:50)
at excel.Actitime.update(Actitime.java:50)
at excel.Actitime.update(Actitime.java:50)
at excel.Actitime.update(Actitime.java:50)
at excel.Actitime.update(Actitime.java:50)
at excel.Actitime.update(Actitime.java:50)
at excel.Actitime.update(Actitime.java:50)
at excel.Actitime.update(Actitime.java:50)
at excel.Actitime.update(Actitime.java:50)
at excel.Actitime.update(Actitime.java:50)
at excel.Actitime.update(Actitime.java:50)
at excel.Actitime.update(Actitime.java:50)
at excel.Actitime.update(Actitime.java:50)
at excel.Actitime.update(Actitime.java:50)
at excel.Actitime.update(Actitime.java:50)
at excel.Actitime.update(Actitime.java:50)
at excel.Actitime.update(Actitime.java:50)
at excel.Actitime.update(Actitime.java:50)
at excel.Actitime.update(Actitime.java:50)
at excel.Actitime.update(Actitime.java:50)
at excel.Actitime.update(Actitime.java:50)
at excel.Actitime.update(Actitime.java:50)
at excel.Actitime.update(Actitime.java:50)
at excel.Actitime.update(Actitime.java:50)
at excel.Actitime.update(Actitime.java:50)
at excel.Actitime.update(Actitime.java:50)
at excel.Actitime.update(Actitime.java:50)
at excel.Actitime.update(Actitime.java:50)
at excel.Actitime.update(Actitime.java:50)
at excel.Actitime.update(Actitime.java:50)
at excel.Actitime.update(Actitime.java:50)
at excel.Actitime.update(Actitime.java:50)
at excel.Actitime.update(Actitime.java:50)
at excel.Actitime.update(Actitime.java:50)
at excel.Actitime.update(Actitime.java:50)
at excel.Actitime.update(Actitime.java:50)
at excel.Actitime.update(Actitime.java:50)
at excel.Actitime.update(Actitime.java:50)
at excel.Actitime.update(Actitime.java:50)
at excel.Actitime.update(Actitime.java:50)
at excel.Actitime.update(Actitime.java:50)
at excel.Actitime.update(Actitime.java:50)
at excel.Actitime.update(Actitime.java:50)
at excel.Actitime.update(Actitime.java:50)
at excel.Actitime.update(Actitime.java:50)
at excel.Actitime.update(Actitime.java:50)
at excel.Actitime.update(Actitime.java:50)
at excel.Actitime.update(Actitime.java:50)
at excel.Actitime.update(Actitime.java:50)
at excel.Actitime.update(Actitime.java:50)
at excel.Actitime.update(Actitime.java:50)
at excel.Actitime.update(Actitime.java:50)
at excel.Actitime.update(Actitime.java:50)
at excel.Actitime.update(Actitime.java:50)
at excel.Actitime.update(Actitime.java:50)
at excel.Actitime.update(Actitime.java:50)
at excel.Actitime.update(Actitime.java:50)
at excel.Actitime.update(Actitime.java:50)
at excel.Actitime.update(Actitime.java:50)
at excel.Actitime.update(Actitime.java:50)
at excel.Actitime.update(Actitime.java:50)
at excel.Actitime.update(Actitime.java:50)
at excel.Actitime.update(Actitime.java:50)
at excel.Actitime.update(Actitime.java:50)
at excel.Actitime.update(Actitime.java:50)
at excel.Actitime.update(Actitime.java:50)
at excel.Actitime.update(Actitime.java:50)
at excel.Actitime.update(Actitime.java:50)
at excel.Actitime.update(Actitime.java:50)
at excel.Actitime.update(Actitime.java:50)
at excel.Actitime.update(Actitime.java:50)
at excel.Actitime.update(Actitime.java:50)
at excel.Actitime.update(Actitime.java:50)
at excel.Actitime.update(Actitime.java:50)
at excel.Actitime.update(Actitime.java:50)
at excel.Actitime.update(Actitime.java:50)
at excel.Actitime.update(Actitime.java:50)
at excel.Actitime.update(Actitime.java:50)
at excel.Actitime.update(Actitime.java:50)
at excel.Actitime.update(Actitime.java:50)
at excel.Actitime.update(Actitime.java:50)
at excel.Actitime.update(Actitime.java:50)
at excel.Actitime.update(Actitime.java:50)
at excel.Actitime.update(Actitime.java:50)
at excel.Actitime.update(Actitime.java:50)
at excel.Actitime.update(Actitime.java:50)
at excel.Actitime.update(Actitime.java:50)
at excel.Actitime.update(Actitime.java:50)
at excel.Actitime.update(Actitime.java:50)
at excel.Actitime.update(Actitime.java:50)
at excel.Actitime.update(Actitime.java:50)
at excel.Actitime.update(Actitime.java:50)
at excel.Actitime.update(Actitime.java:50)
at excel.Actitime.update(Actitime.java:50)
at excel.Actitime.update(Actitime.java:50)
at excel.Actitime.update(Actitime.java:50)
at excel.Actitime.update(Actitime.java:50)
at excel.Actitime.update(Actitime.java:50)
at excel.Actitime.update(Actitime.java:50)
at excel.Actitime.update(Actitime.java:50)
at excel.Actitime.update(Actitime.java:50)
at excel.Actitime.update(Actitime.java:50)
at excel.Actitime.update(Actitime.java:50)
at excel.Actitime.update(Actitime.java:50)
at excel.Actitime.update(Actitime.java:50)
at excel.Actitime.update(Actitime.java:50)
at excel.Actitime.update(Actitime.java:50)
at excel.Actitime.update(Actitime.java:50)
at excel.Actitime.update(Actitime.java:50)
at excel.Actitime.update(Actitime.java:50)
at excel.Actitime.update(Actitime.java:50)
at excel.Actitime.update(Actitime.java:50)
at excel.Actitime.update(Actitime.java:50)
at excel.Actitime.update(Actitime.java:50)
at excel.Actitime.update(Actitime.java:50)
at excel.Actitime.update(Actitime.java:50)
at excel.Actitime.update(Actitime.java:50)
at excel.Actitime.update(Actitime.java:50)
at excel.Actitime.update(Actitime.java:50)
at excel.Actitime.update(Actitime.java:50)
at excel.Actitime.update(Actitime.java:50)
at excel.Actitime.update(Actitime.java:50)
at excel.Actitime.update(Actitime.java:50)
at excel.Actitime.update(Actitime.java:50)
at excel.Actitime.update(Actitime.java:50)
at excel.Actitime.update(Actitime.java:50)
at excel.Actitime.update(Actitime.java:50)
at excel.Actitime.update(Actitime.java:50)
at excel.Actitime.update(Actitime.java:50)
at excel.Actitime.update(Actitime.java:50)
at excel.Actitime.update(Actitime.java:50)
at excel.Actitime.update(Actitime.java:50)
at excel.Actitime.update(Actitime.java:50)
at excel.Actitime.update(Actitime.java:50)
at excel.Actitime.update(Actitime.java:50)
at excel.Actitime.update(Actitime.java:50)
at excel.Actitime.update(Actitime.java:50)
at excel.Actitime.update(Actitime.java:50)
at excel.Actitime.update(Actitime.java:50)
at excel.Actitime.update(Actitime.java:50)
at excel.Actitime.update(Actitime.java:50)
at excel.Actitime.update(Actitime.java:50)
at excel.Actitime.update(Actitime.java:50)
at excel.Actitime.update(Actitime.java:50)
at excel.Actitime.update(Actitime.java:50)
at excel.Actitime.update(Actitime.java:50)
at excel.Actitime.update(Actitime.java:50)
at excel.Actitime.update(Actitime.java:50)
at excel.Actitime.update(Actitime.java:50)
at excel.Actitime.update(Actitime.java:50)
at excel.Actitime.update(Actitime.java:50)
at excel.Actitime.update(Actitime.java:50)
at excel.Actitime.update(Actitime.java:50)
at excel.Actitime.update(Actitime.java:50)
at excel.Actitime.update(Actitime.java:50)
at excel.Actitime.update(Actitime.java:50)
at excel.Actitime.update(Actitime.java:50)
at excel.Actitime.update(Actitime.java:50)
at excel.Actitime.update(Actitime.java:50)
at excel.Actitime.update(Actitime.java:50)
at excel.Actitime.update(Actitime.java:50)
at excel.Actitime.update(Actitime.java:50)
at excel.Actitime.update(Actitime.java:50)
at excel.Actitime.update(Actitime.java:50)
at excel.Actitime.update(Actitime.java:50)
at excel.Actitime.update(Actitime.java:50)
at excel.Actitime.update(Actitime.java:50)
at excel.Actitime.update(Actitime.java:50)
at excel.Actitime.update(Actitime.java:50)
at excel.Actitime.update(Actitime.java:50)
at excel.Actitime.update(Actitime.java:50)
at excel.Actitime.update(Actitime.java:50)
at excel.Actitime.update(Actitime.java:50)
at excel.Actitime.update(Actitime.java:50)
at excel.Actitime.update(Actitime.java:50)
at excel.Actitime.update(Actitime.java:50)
at excel.Actitime.update(Actitime.java:50)
at excel.Actitime.update(Actitime.java:50)
at excel.Actitime.update(Actitime.java:50)
at excel.Actitime.update(Actitime.java:50)
at excel.Actitime.update(Actitime.java:50)
at excel.Actitime.update(Actitime.java:50)
at excel.Actitime.update(Actitime.java:50)
at excel.Actitime.update(Actitime.java:50)
at excel.Actitime.update(Actitime.java:50)
at excel.Actitime.update(Actitime.java:50)
at excel.Actitime.update(Actitime.java:50)
at excel.Actitime.update(Actitime.java:50)
at excel.Actitime.update(Actitime.java:50)
at excel.Actitime.update(Actitime.java:50)
at excel.Actitime.update(Actitime.java:50)
at excel.Actitime.update(Actitime.java:50)
at excel.Actitime.update(Actitime.java:50)
at excel.Actitime.update(Actitime.java:50)
at excel.Actitime.update(Actitime.java:50)
at excel.Actitime.update(Actitime.java:50)
at excel.Actitime.update(Actitime.java:50)
at excel.Actitime.update(Actitime.java:50)
at excel.Actitime.update(Actitime.java:50)
at excel.Actitime.update(Actitime.java:50)
at excel.Actitime.update(Actitime.java:50)
at excel.Actitime.update(Actitime.java:50)
at excel.Actitime.update(Actitime.java:50)
at excel.Actitime.update(Actitime.java:50)
at excel.Actitime.update(Actitime.java:50)
at excel.Actitime.update(Actitime.java:50)
at excel.Actitime.update(Actitime.java:50)
at excel.Actitime.update(Actitime.java:50)
at excel.Actitime.update(Actitime.java:50)
at excel.Actitime.update(Actitime.java:50)
at excel.Actitime.update(Actitime.java:50)
at excel.Actitime.update(Actitime.java:50)
at excel.Actitime.update(Actitime.java:50)
at excel.Actitime.update(Actitime.java:50)
at excel.Actitime.update(Actitime.java:50)
at excel.Actitime.update(Actitime.java:50)
at excel.Actitime.update(Actitime.java:50)
at excel.Actitime.update(Actitime.java:50)
at excel.Actitime.update(Actitime.java:50)
at excel.Actitime.update(Actitime.java:50)
at excel.Actitime.update(Actitime.java:50)
at excel.Actitime.update(Actitime.java:50)
at excel.Actitime.update(Actitime.java:50)
at excel.Actitime.update(Actitime.java:50)
at excel.Actitime.update(Actitime.java:50)
at excel.Actitime.update(Actitime.java:50)
at excel.Actitime.update(Actitime.java:50)
at excel.Actitime.update(Actitime.java:50)
at excel.Actitime.update(Actitime.java:50)
at excel.Actitime.update(Actitime.java:50)
at excel.Actitime.update(Actitime.java:50)
at excel.Actitime.update(Actitime.java:50)
at excel.Actitime.update(Actitime.java:50)
at excel.Actitime.update(Actitime.java:50)
at excel.Actitime.update(Actitime.java:50)
at excel.Actitime.update(Actitime.java:50)
at excel.Actitime.update(Actitime.java:50)
at excel.Actitime.update(Actitime.java:50)
at excel.Actitime.update(Actitime.java:50)
at excel.Actitime.update(Actitime.java:50)
at excel.Actitime.update(Actitime.java:50)
at excel.Actitime.update(Actitime.java:50)
at excel.Actitime.update(Actitime.java:50)
at excel.Actitime.update(Actitime.java:50)
at excel.Actitime.update(Actitime.java:50)
at excel.Actitime.update(Actitime.java:50)
at excel.Actitime.update(Actitime.java:50)
at excel.Actitime.update(Actitime.java:50)
at excel.Actitime.update(Actitime.java:50)
at excel.Actitime.update(Actitime.java:50)
at excel.Actitime.update(Actitime.java:50)
at excel.Actitime.update(Actitime.java:50)
at excel.Actitime.update(Actitime.java:50)
at excel.Actitime.update(Actitime.java:50)
at excel.Actitime.update(Actitime.java:50)
at excel.Actitime.update(Actitime.java:50)
at excel.Actitime.update(Actitime.java:50)
at excel.Actitime.update(Actitime.java:50)
at excel.Actitime.update(Actitime.java:50)
at excel.Actitime.update(Actitime.java:50)
at excel.Actitime.update(Actitime.java:50)
at excel.Actitime.update(Actitime.java:50)
at excel.Actitime.update(Actitime.java:50)
at excel.Actitime.update(Actitime.java:50)
at excel.Actitime.update(Actitime.java:50)
at excel.Actitime.update(Actitime.java:50)
at excel.Actitime.update(Actitime.java:50)
at excel.Actitime.update(Actitime.java:50)
at excel.Actitime.update(Actitime.java:50)
at excel.Actitime.update(Actitime.java:50)
at excel.Actitime.update(Actitime.java:50)
at excel.Actitime.update(Actitime.java:50)
at excel.Actitime.update(Actitime.java:50)
at excel.Actitime.update(Actitime.java:50)
at excel.Actitime.update(Actitime.java:50)
at excel.Actitime.update(Actitime.java:50)
at excel.Actitime.update(Actitime.java:50)
at excel.Actitime.update(Actitime.java:50)
at excel.Actitime.update(Actitime.java:50)
at excel.Actitime.update(Actitime.java:50)
at excel.Actitime.update(Actitime.java:50)
at excel.Actitime.update(Actitime.java:50)
at excel.Actitime.update(Actitime.java:50)
at excel.Actitime.update(Actitime.java:50)
at excel.Actitime.update(Actitime.java:50)
at excel.Actitime.update(Actitime.java:50)
at excel.Actitime.update(Actitime.java:50)
at excel.Actitime.update(Actitime.java:50)
at excel.Actitime.update(Actitime.java:50)
at excel.Actitime.update(Actitime.java:50)
at excel.Actitime.update(Actitime.java:50)
at excel.Actitime.update(Actitime.java:50)
at excel.Actitime.update(Actitime.java:50)
at excel.Actitime.update(Actitime.java:50)
at excel.Actitime.update(Actitime.java:50)
at excel.Actitime.update(Actitime.java:50)
at excel.Actitime.update(Actitime.java:50)
at excel.Actitime.update(Actitime.java:50)
at excel.Actitime.update(Actitime.java:50)
at excel.Actitime.update(Actitime.java:50)
at excel.Actitime.update(Actitime.java:50)
at excel.Actitime.update(Actitime.java:50)
at excel.Actitime.update(Actitime.java:50)
at excel.Actitime.update(Actitime.java:50)
at excel.Actitime.update(Actitime.java:50)
at excel.Actitime.update(Actitime.java:50)
at excel.Actitime.update(Actitime.java:50)
at excel.Actitime.update(Actitime.java:50)
at excel.Actitime.update(Actitime.java:50)
at excel.Actitime.update(Actitime.java:50)
at excel.Actitime.update(Actitime.java:50)
at excel.Actitime.update(Actitime.java:50)
at excel.Actitime.update(Actitime.java:50)
at excel.Actitime.update(Actitime.java:50)
at excel.Actitime.update(Actitime.java:50)
at excel.Actitime.update(Actitime.java:50)
at excel.Actitime.update(Actitime.java:50)
at excel.Actitime.update(Actitime.java:50)
at excel.Actitime.update(Actitime.java:50)
at excel.Actitime.update(Actitime.java:50)
at excel.Actitime.update(Actitime.java:50)
at excel.Actitime.update(Actitime.java:50)
at excel.Actitime.update(Actitime.java:50)
at excel.Actitime.update(Actitime.java:50)
at excel.Actitime.update(Actitime.java:50)
at excel.Actitime.update(Actitime.java:50)
at excel.Actitime.update(Actitime.java:50)
at excel.Actitime.update(Actitime.java:50)
at excel.Actitime.update(Actitime.java:50)
at excel.Actitime.update(Actitime.java:50)
at excel.Actitime.update(Actitime.java:50)
at excel.Actitime.update(Actitime.java:50)
at excel.Actitime.update(Actitime.java:50)
at excel.Actitime.update(Actitime.java:50)
at excel.Actitime.update(Actitime.java:50)
at excel.Actitime.update(Actitime.java:50)
at excel.Actitime.update(Actitime.java:50)
at excel.Actitime.update(Actitime.java:50)
at excel.Actitime.update(Actitime.java:50)
at excel.Actitime.update(Actitime.java:50)
at excel.Actitime.update(Actitime.java:50)
at excel.Actitime.update(Actitime.java:50)
at excel.Actitime.update(Actitime.java:50)
at excel.Actitime.update(Actitime.java:50)
at excel.Actitime.update(Actitime.java:50)
at excel.Actitime.update(Actitime.java:50)
at excel.Actitime.update(Actitime.java:50)
at excel.Actitime.update(Actitime.java:50)
at excel.Actitime.update(Actitime.java:50)
at excel.Actitime.update(Actitime.java:50)
at excel.Actitime.update(Actitime.java:50)
at excel.Actitime.update(Actitime.java:50)
at excel.Actitime.update(Actitime.java:50)
at excel.Actitime.update(Actitime.java:50)
at excel.Actitime.update(Actitime.java:50)
at excel.Actitime.update(Actitime.java:50)
at excel.Actitime.update(Actitime.java:50)
at excel.Actitime.update(Actitime.java:50)
at excel.Actitime.update(Actitime.java:50)
at excel.Actitime.update(Actitime.java:50)
at excel.Actitime.update(Actitime.java:50)
at excel.Actitime.update(Actitime.java:50)
at excel.Actitime.update(Actitime.java:50)
at excel.Actitime.update(Actitime.java:50)
at excel.Actitime.update(Actitime.java:50)
at excel.Actitime.update(Actitime.java:50)
at excel.Actitime.update(Actitime.java:50)
at excel.Actitime.update(Actitime.java:50)
at excel.Actitime.update(Actitime.java:50)
at excel.Actitime.update(Actitime.java:50)
at excel.Actitime.update(Actitime.java:50)
at excel.Actitime.update(Actitime.java:50)
at excel.Actitime.update(Actitime.java:50)
at excel.Actitime.update(Actitime.java:50)
at excel.Actitime.update(Actitime.java:50)
at excel.Actitime.update(Actitime.java:50)
at excel.Actitime.update(Actitime.java:50)
at excel.Actitime.update(Actitime.java:50)
at excel.Actitime.update(Actitime.java:50)
at excel.Actitime.update(Actitime.java:50)
at excel.Actitime.update(Actitime.java:50)
at excel.Actitime.update(Actitime.java:50)
at excel.Actitime.update(Actitime.java:50)
at excel.Actitime.update(Actitime.java:50)
at excel.Actitime.update(Actitime.java:50)
at excel.Actitime.update(Actitime.java:50)
at excel.Actitime.update(Actitime.java:50)
at excel.Actitime.update(Actitime.java:50)
at excel.Actitime.update(Actitime.java:50)
at excel.Actitime.update(Actitime.java:50)
at excel.Actitime.update(Actitime.java:50)
at excel.Actitime.update(Actitime.java:50)
at excel.Actitime.update(Actitime.java:50)
at excel.Actitime.update(Actitime.java:50)
at excel.Actitime.update(Actitime.java:50)
at excel.Actitime.update(Actitime.java:50)
at excel.Actitime.update(Actitime.java:50)
at excel.Actitime.update(Actitime.java:50)
at excel.Actitime.update(Actitime.java:50)
at excel.Actitime.update(Actitime.java:50)
at excel.Actitime.update(Actitime.java:50)
at excel.Actitime.update(Actitime.java:50)
at excel.Actitime.update(Actitime.java:50)
at excel.Actitime.update(Actitime.java:50)
at excel.Actitime.update(Actitime.java:50)
at excel.Actitime.update(Actitime.java:50)
at excel.Actitime.update(Actitime.java:50)
at excel.Actitime.update(Actitime.java:50)
at excel.Actitime.update(Actitime.java:50)
at excel.Actitime.update(Actitime.java:50)
at excel.Actitime.update(Actitime.java:50)
at excel.Actitime.update(Actitime.java:50)
at excel.Actitime.update(Actitime.java:50)
at excel.Actitime.update(Actitime.java:50)
at excel.Actitime.update(Actitime.java:50)
at excel.Actitime.update(Actitime.java:50)
at excel.Actitime.update(Actitime.java:50)
at excel.Actitime.update(Actitime.java:50)
at excel.Actitime.update(Actitime.java:50)
at excel.Actitime.update(Actitime.java:50)
at excel.Actitime.update(Actitime.java:50)
at excel.Actitime.update(Actitime.java:50)
at excel.Actitime.update(Actitime.java:50)
at excel.Actitime.update(Actitime.java:50)
at excel.Actitime.update(Actitime.java:50)
at excel.Actitime.update(Actitime.java:50)
at excel.Actitime.update(Actitime.java:50)
at excel.Actitime.update(Actitime.java:50)
at excel.Actitime.update(Actitime.java:50)
at excel.Actitime.update(Actitime.java:50)
at excel.Actitime.update(Actitime.java:50)
at excel.Actitime.update(Actitime.java:50)
at excel.Actitime.update(Actitime.java:50)
at excel.Actitime.update(Actitime.java:50)
at excel.Actitime.update(Actitime.java:50)
at excel.Actitime.update(Actitime.java:50)
at excel.Actitime.update(Actitime.java:50)
at excel.Actitime.update(Actitime.java:50)
at excel.Actitime.update(Actitime.java:50)
at excel.Actitime.update(Actitime.java:50)
at excel.Actitime.update(Actitime.java:50)
at excel.Actitime.update(Actitime.java:50)
at excel.Actitime.update(Actitime.java:50)
at excel.Actitime.update(Actitime.java:50)
at excel.Actitime.update(Actitime.java:50)
at excel.Actitime.update(Actitime.java:50)
at excel.Actitime.update(Actitime.java:50)
at excel.Actitime.update(Actitime.java:50)
at excel.Actitime.update(Actitime.java:50)
at excel.Actitime.update(Actitime.java:50)
at excel.Actitime.update(Actitime.java:50)
at excel.Actitime.update(Actitime.java:50)
at excel.Actitime.update(Actitime.java:50)
at excel.Actitime.update(Actitime.java:50)
at excel.Actitime.update(Actitime.java:50)
at excel.Actitime.update(Actitime.java:50)
at excel.Actitime.update(Actitime.java:50)
at excel.Actitime.update(Actitime.java:50)
at excel.Actitime.update(Actitime.java:50)
at excel.Actitime.update(Actitime.java:50)
at excel.Actitime.update(Actitime.java:50)
at excel.Actitime.update(Actitime.java:50)
at excel.Actitime.update(Actitime.java:50)
at excel.Actitime.update(Actitime.java:50)
at excel.Actitime.update(Actitime.java:50)
at excel.Actitime.update(Actitime.java:50)
at excel.Actitime.update(Actitime.java:50)
at excel.Actitime.update(Actitime.java:50)
at excel.Actitime.update(Actitime.java:50)
at excel.Actitime.update(Actitime.java:50)
at excel.Actitime.update(Actitime.java:50)
at excel.Actitime.update(Actitime.java:50)
at excel.Actitime.update(Actitime.java:50)
at excel.Actitime.update(Actitime.java:50)
at excel.Actitime.update(Actitime.java:50)
at excel.Actitime.update(Actitime.java:50)
at excel.Actitime.update(Actitime.java:50)
at excel.Actitime.update(Actitime.java:50)
at excel.Actitime.update(Actitime.java:50)
at excel.Actitime.update(Actitime.java:50)
at excel.Actitime.update(Actitime.java:50)
at excel.Actitime.update(Actitime.java:50)
at excel.Actitime.update(Actitime.java:50)
at excel.Actitime.update(Actitime.java:50)
at excel.Actitime.update(Actitime.java:50)
at excel.Actitime.update(Actitime.java:50)
at excel.Actitime.update(Actitime.java:50)
at excel.Actitime.update(Actitime.java:50)
at excel.Actitime.update(Actitime.java:50)
at excel.Actitime.update(Actitime.java:50)
at excel.Actitime.update(Actitime.java:50)
at excel.Actitime.update(Actitime.java:50)
at excel.Actitime.update(Actitime.java:50)
at excel.Actitime.update(Actitime.java:50)
at excel.Actitime.update(Actitime.java:50)
at excel.Actitime.update(Actitime.java:50)
at excel.Actitime.update(Actitime.java:50)
at excel.Actitime.update(Actitime.java:50)
at excel.Actitime.update(Actitime.java:50)
at excel.Actitime.update(Actitime.java:50)
at excel.Actitime.update(Actitime.java:50)
at excel.Actitime.update(Actitime.java:50)
at excel.Actitime.update(Actitime.java:50)
at excel.Actitime.update(Actitime.java:50)
at excel.Actitime.update(Actitime.java:50)
at excel.Actitime.update(Actitime.java:50)
at excel.Actitime.update(Actitime.java:50)
at excel.Actitime.update(Actitime.java:50)
at excel.Actitime.update(Actitime.java:50)
at excel.Actitime.update(Actitime.java:50)
at excel.Actitime.update(Actitime.java:50)
at excel.Actitime.update(Actitime.java:50)
at excel.Actitime.update(Actitime.java:50)
at excel.Actitime.update(Actitime.java:50)
at excel.Actitime.update(Actitime.java:50)
at excel.Actitime.update(Actitime.java:50)
at excel.Actitime.update(Actitime.java:50)
at excel.Actitime.update(Actitime.java:50)
at excel.Actitime.update(Actitime.java:50)
at excel.Actitime.update(Actitime.java:50)
at excel.Actitime.update(Actitime.java:50)
at excel.Actitime.update(Actitime.java:50)
at excel.Actitime.update(Actitime.java:50)
at excel.Actitime.update(Actitime.java:50)
at excel.Actitime.update(Actitime.java:50)
at excel.Actitime.update(Actitime.java:50)
at excel.Actitime.update(Actitime.java:50)
at excel.Actitime.update(Actitime.java:50)
at excel.Actitime.update(Actitime.java:50)
at excel.Actitime.update(Actitime.java:50)
at excel.Actitime.update(Actitime.java:50)
at excel.Actitime.update(Actitime.java:50)
at excel.Actitime.update(Actitime.java:50)
at excel.Actitime.update(Actitime.java:50)
at excel.Actitime.update(Actitime.java:50)
at excel.Actitime.update(Actitime.java:50)
at excel.Actitime.update(Actitime.java:50)
at excel.Actitime.update(Actitime.java:50)
at excel.Actitime.update(Actitime.java:50)
at excel.Actitime.update(Actitime.java:50)
at excel.Actitime.update(Actitime.java:50)
at excel.Actitime.update(Actitime.java:50)
at excel.Actitime.update(Actitime.java:50)
at excel.Actitime.update(Actitime.java:50)
at excel.Actitime.update(Actitime.java:50)
at excel.Actitime.update(Actitime.java:50)
at excel.Actitime.update(Actitime.java:50)
at excel.Actitime.update(Actitime.java:50)
at excel.Actitime.update(Actitime.java:50)
at excel.Actitime.update(Actitime.java:50)
at excel.Actitime.update(Actitime.java:50)
at excel.Actitime.update(Actitime.java:50)
at excel.Actitime.update(Actitime.java:50)
at excel.Actitime.update(Actitime.java:50)
at excel.Actitime.update(Actitime.java:50)
at excel.Actitime.update(Actitime.java:50)
at excel.Actitime.update(Actitime.java:50)
at excel.Actitime.update(Actitime.java:50)
at excel.Actitime.update(Actitime.java:50)
at excel.Actitime.update(Actitime.java:50)
at excel.Actitime.update(Actitime.java:50)
at excel.Actitime.update(Actitime.java:50)
at excel.Actitime.update(Actitime.java:50)
at excel.Actitime.update(Actitime.java:50)
at excel.Actitime.update(Actitime.java:50)
at excel.Actitime.update(Actitime.java:50)
at excel.Actitime.update(Actitime.java:50)
at excel.Actitime.update(Actitime.java:50)
at excel.Actitime.update(Actitime.java:50)
at excel.Actitime.update(Actitime.java:50)
at excel.Actitime.update(Actitime.java:50)
at excel.Actitime.update(Actitime.java:50)
at excel.Actitime.update(Actitime.java:50)
at excel.Actitime.update(Actitime.java:50)
at excel.Actitime.update(Actitime.java:50)
at excel.Actitime.update(Actitime.java:50)
at excel.Actitime.update(Actitime.java:50)
at excel.Actitime.update(Actitime.java:50)
at excel.Actitime.update(Actitime.java:50)
at excel.Actitime.update(Actitime.java:50)
at excel.Actitime.update(Actitime.java:50)
at excel.Actitime.update(Actitime.java:50)
at excel.Actitime.update(Actitime.java:50)
at excel.Actitime.update(Actitime.java:50)
at excel.Actitime.update(Actitime.java:50)
at excel.Actitime.update(Actitime.java:50)
at excel.Actitime.update(Actitime.java:50)
at excel.Actitime.update(Actitime.java:50)
at excel.Actitime.update(Actitime.java:50)
at excel.Actitime.update(Actitime.java:50)
at excel.Actitime.update(Actitime.java:50)
at excel.Actitime.update(Actitime.java:50)
at excel.Actitime.update(Actitime.java:50)
at excel.Actitime.update(Actitime.java:50)
at excel.Actitime.update(Actitime.java:50)
at excel.Actitime.update(Actitime.java:50)
at excel.Actitime.update(Actitime.java:50)
at excel.Actitime.update(Actitime.java:50)
at excel.Actitime.update(Actitime.java:50)
at excel.Actitime.update(Actitime.java:50)
at excel.Actitime.update(Actitime.java:50)
at excel.Actitime.update(Actitime.java:50)
at excel.Actitime.update(Actitime.java:50)
at excel.Actitime.update(Actitime.java:50)
at excel.Actitime.update(Actitime.java:50)
at excel.Actitime.update(Actitime.java:50)
at excel.Actitime.update(Actitime.java:50)
at excel.Actitime.update(Actitime.java:50)
at excel.Actitime.update(Actitime.java:50)
at excel.Actitime.update(Actitime.java:50)
at excel.Actitime.update(Actitime.java:50)
at excel.Actitime.update(Actitime.java:50)
at excel.Actitime.update(Actitime.java:50)
at excel.Actitime.update(Actitime.java:50)
at excel.Actitime.update(Actitime.java:50)
at excel.Actitime.update(Actitime.java:50)
at excel.Actitime.update(Actitime.java:50)
at excel.Actitime.update(Actitime.java:50)
at excel.Actitime.update(Actitime.java:50)
at excel.Actitime.update(Actitime.java:50)
at excel.Actitime.update(Actitime.java:50)
at excel.Actitime.update(Actitime.java:50)
at excel.Actitime.update(Actitime.java:50)
at excel.Actitime.update(Actitime.java:50)
at excel.Actitime.update(Actitime.java:50)
at excel.Actitime.update(Actitime.java:50)
at excel.Actitime.update(Actitime.java:50)
at excel.Actitime.update(Actitime.java:50)
at excel.Actitime.update(Actitime.java:50)
at excel.Actitime.update(Actitime.java:50)
at excel.Actitime.update(Actitime.java:50)
at excel.Actitime.update(Actitime.java:50)
at excel.Actitime.update(Actitime.java:50)
at excel.Actitime.update(Actitime.java:50)
at excel.Actitime.update(Actitime.java:50)
at excel.Actitime.update(Actitime.java:50)
at excel.Actitime.update(Actitime.java:50)
at excel.Actitime.update(Actitime.java:50)
at excel.Actitime.update(Actitime.java:50)
at excel.Actitime.update(Actitime.java:50)
at excel.Actitime.update(Actitime.java:50)
at excel.Actitime.update(Actitime.java:50)
at excel.Actitime.update(Actitime.java:50)
at excel.Actitime.update(Actitime.java:50)
at excel.Actitime.update(Actitime.java:50)
at excel.Actitime.update(Actitime.java:50)
at excel.Actitime.update(Actitime.java:50)
at excel.Actitime.update(Actitime.java:50)
at excel.Actitime.update(Actitime.java:50)
at excel.Actitime.update(Actitime.java:50)
at excel.Actitime.update(Actitime.java:50)
at excel.Actitime.update(Actitime.java:50)
at excel.Actitime.update(Actitime.java:50)
at excel.Actitime.update(Actitime.java:50)
at excel.Actitime.update(Actitime.java:50)
at excel.Actitime.update(Actitime.java:50)
at excel.Actitime.update(Actitime.java:50)
at excel.Actitime.update(Actitime.java:50)
at excel.Actitime.update(Actitime.java:50)
at excel.Actitime.update(Actitime.java:50)
at excel.Actitime.update(Actitime.java:50)
at excel.Actitime.update(Actitime.java:50)
at excel.Actitime.update(Actitime.java:50)
at excel.Actitime.update(Actitime.java:50)
at excel.Actitime.update(Actitime.java:50)
at excel.Actitime.update(Actitime.java:50)
at excel.Actitime.update(Actitime.java:50)
at excel.Actitime.update(Actitime.java:50)
at excel.Actitime.update(Actitime.java:50)
at excel.Actitime.update(Actitime.java:50)
at excel.Actitime.update(Actitime.java:50)
at excel.Actitime.update(Actitime.java:50)
at excel.Actitime.update(Actitime.java:50)
at excel.Actitime.update(Actitime.java:50)
at excel.Actitime.update(Actitime.java:50)
at excel.Actitime.update(Actitime.java:50)
at excel.Actitime.update(Actitime.java:50)
at excel.Actitime.update(Actitime.java:50)
at excel.Actitime.update(Actitime.java:50)
at excel.Actitime.update(Actitime.java:50)
at excel.Actitime.update(Actitime.java:50)
at excel.Actitime.update(Actitime.java:50)
at excel.Actitime.update(Actitime.java:50)
at excel.Actitime.update(Actitime.java:50)
at excel.Actitime.update(Actitime.java:50)
at excel.Actitime.update(Actitime.java:50)
at excel.Actitime.update(Actitime.java:50)
at excel.Actitime.update(Actitime.java:50)
at excel.Actitime.update(Actitime.java:50)
at excel.Actitime.update(Actitime.java:50)
at excel.Actitime.update(Actitime.java:50)
at excel.Actitime.update(Actitime.java:50)
at excel.Actitime.update(Actitime.java:50)
at excel.Actitime.update(Actitime.java:50)
at excel.Actitime.update(Actitime.java:50)
at excel.Actitime.update(Actitime.java:50)
at excel.Actitime.update(Actitime.java:50)
at excel.Actitime.update(Actitime.java:50)
at excel.Actitime.update(Actitime.java:50)
at excel.Actitime.update(Actitime.java:50)
at excel.Actitime.update(Actitime.java:50)
at excel.Actitime.update(Actitime.java:50)
at excel.Actitime.update(Actitime.java:50)
at excel.Actitime.update(Actitime.java:50)
at excel.Actitime.update(Actitime.java:50)
at excel.Actitime.update(Actitime.java:50)
at excel.Actitime.update(Actitime.java:50)
at excel.Actitime.update(Actitime.java:50)
at excel.Actitime.update(Actitime.java:50)
at excel.Actitime.update(Actitime.java:50)
at excel.Actitime.update(Actitime.java:50)
at excel.Actitime.update(Actitime.java:50)
at excel.Actitime.update(Actitime.java:50)
at excel.Actitime.update(Actitime.java:50)
at excel.Actitime.update(Actitime.java:50)
at excel.Actitime.update(Actitime.java:50)
at excel.Actitime.update(Actitime.java:50)
at excel.Actitime.update(Actitime.java:50)
at excel.Actitime.update(Actitime.java:50)
at excel.Actitime.update(Actitime.java:50)
at excel.Actitime.update(Actitime.java:50)
at excel.Actitime.update(Actitime.java:50)
at excel.Actitime.update(Actitime.java:50)
at excel.Actitime.update(Actitime.java:50)
at excel.Actitime.update(Actitime.java:50)
at excel.Actitime.update(Actitime.java:50)
at excel.Actitime.update(Actitime.java:50)
at excel.Actitime.update(Actitime.java:50)
at excel.Actitime.update(Actitime.java:50)
at excel.Actitime.update(Actitime.java:50)
at excel.Actitime.update(Actitime.java:50)
at excel.Actitime.update(Actitime.java:50)
at excel.Actitime.update(Actitime.java:50)
at excel.Actitime.update(Actitime.java:50)
at excel.Actitime.update(Actitime.java:50)
at excel.Actitime.update(Actitime.java:50)
at excel.Actitime.update(Actitime.java:50)
at excel.Actitime.update(Actitime.java:50)
at excel.Actitime.update(Actitime.java:50)
at excel.Actitime.update(Actitime.java:50)
at excel.Actitime.update(Actitime.java:50)
at excel.Actitime.update(Actitime.java:50)
at excel.Actitime.update(Actitime.java:50)
at excel.Actitime.update(Actitime.java:50)
at excel.Actitime.update(Actitime.java:50)
at excel.Actitime.update(Actitime.java:50)
at excel.Actitime.update(Actitime.java:50)
at excel.Actitime.update(Actitime.java:50)
at excel.Actitime.update(Actitime.java:50)
at excel.Actitime.update(Actitime.java:50)
at excel.Actitime.update(Actitime.java:50)
at excel.Actitime.update(Actitime.java:50)
at excel.Actitime.update(Actitime.java:50)
at excel.Actitime.update(Actitime.java:50)
at excel.Actitime.update(Actitime.java:50)
at excel.Actitime.update(Actitime.java:50)
at excel.Actitime.update(Actitime.java:50)
at excel.Actitime.update(Actitime.java:50)
at excel.Actitime.update(Actitime.java:50)
at excel.Actitime.update(Actitime.java:50)
at excel.Actitime.update(Actitime.java:50)
at excel.Actitime.update(Actitime.java:50)
at excel.Actitime.update(Actitime.java:50)
at excel.Actitime.update(Actitime.java:50)
at excel.Actitime.update(Actitime.java:50)
at excel.Actitime.update(Actitime.java:50)
at excel.Actitime.update(Actitime.java:50)
at excel.Actitime.update(Actitime.java:50)
at excel.Actitime.update(Actitime.java:50)
at excel.Actitime.update(Actitime.java:50)
at excel.Actitime.update(Actitime.java:50)
at excel.Actitime.update(Actitime.java:50)
at excel.Actitime.update(Actitime.java:50)
at excel.Actitime.update(Actitime.java:50)
at excel.Actitime.update(Actitime.java:50)
at excel.Actitime.update(Actitime.java:50)
at excel.Actitime.update(Actitime.java:50)
at excel.Actitime.update(Actitime.java:50)
at excel.Actitime.update(Actitime.java:50)
at excel.Actitime.update(Actitime.java:50)
at excel.Actitime.update(Actitime.java:50)
at excel.Actitime.update(Actitime.java:50)
at excel.Actitime.update(Actitime.java:50)
at excel.Actitime.update(Actitime.java:50)
at excel.Actitime.update(Actitime.java:50)
at excel.Actitime.update(Actitime.java:50)
at excel.Actitime.update(Actitime.java:50)
at excel.Actitime.update(Actitime.java:50)
at excel.Actitime.update(Actitime.java:50)
at excel.Actitime.update(Actitime.java:50)
at excel.Actitime.update(Actitime.java:50)
at excel.Actitime.update(Actitime.java:50)
at excel.Actitime.update(Actitime.java:50)
at excel.Actitime.update(Actitime.java:50)
at excel.Actitime.update(Actitime.java:50)
at excel.Actitime.update(Actitime.java:50)
at excel.Actitime.update(Actitime.java:50)
at excel.Actitime.update(Actitime.java:50)
at excel.Actitime.update(Actitime.java:50)
at excel.Actitime.update(Actitime.java:50)
at excel.Actitime.update(Actitime.java:50)
at excel.Actitime.update(Actitime.java:50)
at excel.Actitime.update(Actitime.java:50)
at excel.Actitime.update(Actitime.java:50)
at excel.Actitime.update(Actitime.java:50)
at excel.Actitime.update(Actitime.java:50)
at excel.Actitime.update(Actitime.java:50)
at excel.Actitime.update(Actitime.java:50)
at excel.Actitime.update(Actitime.java:50)
at excel.Actitime.update(Actitime.java:50)
at excel.Actitime.update(Actitime.java:50)
at excel.Actitime.update(Actitime.java:50)
at excel.Actitime.update(Actitime.java:50)
at excel.Actitime.update(Actitime.java:50)
at excel.Actitime.update(Actitime.java:50)
at excel.Actitime.update(Actitime.java:50)
at excel.Actitime.update(Actitime.java:50)
at excel.Actitime.update(Actitime.java:50)
at excel.Actitime.update(Actitime.java:50)
at excel.Actitime.update(Actitime.java:50)
at excel.Actitime.update(Actitime.java:50)
at excel.Actitime.update(Actitime.java:50)
at excel.Actitime.update(Actitime.java:50)
at excel.Actitime.update(Actitime.java:50)
at excel.Actitime.update(Actitime.java:50)
at excel.Actitime.update(Actitime.java:50)
at excel.Actitime.update(Actitime.java:50)
at excel.Actitime.update(Actitime.java:50)
at excel.Actitime.update(Actitime.java:50)
at excel.Actitime.update(Actitime.java:50)
at excel.Actitime.update(Actitime.java:50)
at excel.Actitime.update(Actitime.java:50)
at excel.Actitime.update(Actitime.java:50)
at excel.Actitime.update(Actitime.java:50)
at excel.Actitime.update(Actitime.java:50)
at excel.Actitime.update(Actitime.java:50)
at excel.Actitime.update(Actitime.java:50)
at excel.Actitime.update(Actitime.java:50)
at excel.Actitime.update(Actitime.java:50)
at excel.Actitime.update(Actitime.java:50)
at excel.Actitime.update(Actitime.java:50)
at excel.Actitime.update(Actitime.java:50)
at excel.Actitime.update(Actitime.java:50)
at excel.Actitime.update(Actitime.java:50)
at excel.Actitime.update(Actitime.java:50)
at excel.Actitime.update(Actitime.java:50)
at excel.Actitime.update(Actitime.java:50)
at excel.Actitime.update(Actitime.java:50)
at excel.Actitime.update(Actitime.java:50)
at excel.Actitime.update(Actitime.java:50)
at excel.Actitime.update(Actitime.java:50)
at excel.Actitime.update(Actitime.java:50)
at excel.Actitime.update(Actitime.java:50)
at excel.Actitime.update(Actitime.java:50)
at excel.Actitime.update(Actitime.java:50)
at excel.Actitime.update(Actitime.java:50)
at excel.Actitime.update(Actitime.java:50)
at excel.Actitime.update(Actitime.java:50)
at excel.Actitime.update(Actitime.java:50)
at excel.Actitime.update(Actitime.java:50)
at excel.Actitime.update(Actitime.java:50)
at excel.Actitime.update(Actitime.java:50)
at excel.Actitime.update(Actitime.java:50)
at excel.Actitime.update(Actitime.java:50)
at excel.Actitime.update(Actitime.java:50)
at excel.Actitime.update(Actitime.java:50)
at excel.Actitime.update(Actitime.java:50)
at excel.Actitime.update(Actitime.java:50)
at excel.Actitime.update(Actitime.java:50)
at excel.Actitime.update(Actitime.java:50)
at excel.Actitime.update(Actitime.java:50)
at excel.Actitime.update(Actitime.java:50)
at excel.Actitime.update(Actitime.java:50)
at excel.Actitime.update(Actitime.java:50)
at excel.Actitime.update(Actitime.java:50)
at excel.Actitime.update(Actitime.java:50)
at excel.Actitime.update(Actitime.java:50)
at excel.Actitime.update(Actitime.java:50)
at excel.Actitime.update(Actitime.java:50)
at excel.Actitime.update(Actitime.java:50)
at excel.Actitime.update(Actitime.java:50)
at excel.Actitime.update(Actitime.java:50)
at excel.Actitime.update(Actitime.java:50)
at excel.Actitime.update(Actitime.java:50)
at excel.Actitime.update(Actitime.java:50)
at excel.Actitime.update(Actitime.java:50)
at excel.Actitime.update(Actitime.java:50)
at excel.Actitime.update(Actitime.java:50)
at excel.Actitime.update(Actitime.java:50)
at excel.Actitime.update(Actitime.java:50)
at excel.Actitime.update(Actitime.java:50)
at excel.Actitime.update(Actitime.java:50)
at excel.Actitime.update(Actitime.java:50)
at excel.Actitime.update(Actitime.java:50)
at excel.Actitime.update(Actitime.java:50)
at excel.Actitime.update(Actitime.java:50)
at excel.Actitime.update(Actitime.java:50)
at excel.Actitime.update(Actitime.java:50)
at excel.Actitime.update(Actitime.java:50)
at excel.Actitime.update(Actitime.java:50)
at excel.Actitime.update(Actitime.java:50)
at excel.Actitime.update(Actitime.java:50)
at excel.Actitime.update(Actitime.java:50)
at excel.Actitime.update(Actitime.java:50)
at excel.Actitime.update(Actitime.java:50)
at excel.Actitime.update(Actitime.java:50)
at excel.Actitime.update(Actitime.java:50)
at excel.Actitime.update(Actitime.java:50)
at excel.Actitime.update(Actitime.java:50)
at excel.Actitime.update(Actitime.java:50)
at excel.Actitime.update(Actitime.java:50)
at excel.Actitime.update(Actitime.java:50)
at excel.Actitime.update(Actitime.java:50)
at excel.Actitime.update(Actitime.java:50)
at excel.Actitime.update(Actitime.java:50)
at excel.Actitime.update(Actitime.java:50)
at excel.Actitime.update(Actitime.java:50)
at excel.Actitime.update(Actitime.java:50)
at excel.Actitime.update(Actitime.java:50)
at excel.Actitime.update(Actitime.java:50)
at excel.Actitime.update(Actitime.java:50)
at excel.Actitime.update(Actitime.java:50)
at excel.Actitime.update(Actitime.java:50)
at excel.Actitime.update(Actitime.java:50)
at excel.Actitime.update(Actitime.java:50)
at excel.Actitime.update(Actitime.java:50)
at excel.Actitime.update(Actitime.java:50)
at excel.Actitime.update(Actitime.java:50)
at excel.Actitime.update(Actitime.java:50)
at excel.Actitime.update(Actitime.java:50)
at excel.Actitime.update(Actitime.java:50)
at excel.Actitime.update(Actitime.java:50)
at excel.Actitime.update(Actitime.java:50)
at excel.Actitime.update(Actitime.java:50)
at excel.Actitime.update(Actitime.java:50)
at excel.Actitime.update(Actitime.java:50)
at excel.Actitime.update(Actitime.java:50)
at excel.Actitime.update(Actitime.java:50)
at excel.Actitime.update(Actitime.java:50)
at excel.Actitime.update(Actitime.java:50)
at excel.Actitime.update(Actitime.java:50)
at excel.Actitime.update(Actitime.java:50)
at excel.Actitime.update(Actitime.java:50)
at excel.Actitime.update(Actitime.java:50)
at excel.Actitime.update(Actitime.java:50)
at excel.Actitime.update(Actitime.java:50)
at excel.Actitime.update(Actitime.java:50)
at excel.Actitime.update(Actitime.java:50)
at excel.Actitime.update(Actitime.java:50)
at excel.Actitime.update(Actitime.java:50)
at excel.Actitime.update(Actitime.java:50)
at excel.Actitime.update(Actitime.java:50)
at excel.Actitime.update(Actitime.java:50)
at excel.Actitime.update(Actitime.java:50)
at excel.Actitime.update(Actitime.java:50)
at excel.Actitime.update(Actitime.java:50)
at excel.Actitime.update(Actitime.java:50)
at excel.Actitime.update(Actitime.java:50)
at excel.Actitime.update(Actitime.java:50)
at excel.Actitime.update(Actitime.java:50)
at excel.Actitime.update(Actitime.java:50)
at excel.Actitime.update(Actitime.java:50)
at excel.Actitime.update(Actitime.java:50)
at excel.Actitime.update(Actitime.java:50)
at excel.Actitime.update(Actitime.java:50)
at excel.Actitime.update(Actitime.java:50)
at excel.Actitime.update(Actitime.java:50)
at excel.Actitime.update(Actitime.java:50)
at excel.Actitime.update(Actitime.java:50)
at excel.Actitime.update(Actitime.java:50)
at excel.Actitime.update(Actitime.java:50)
at excel.Actitime.update(Actitime.java:50)
at excel.Actitime.update(Actitime.java:50)
at excel.Actitime.update(Actitime.java:50)
at excel.Actitime.update(Actitime.java:50)
at excel.Actitime.update(Actitime.java:50)
at excel.Actitime.update(Actitime.java:50)
at excel.Actitime.update(Actitime.java:50)
at excel.Actitime.update(Actitime.java:50)
at excel.Actitime.update(Actitime.java:50)
at excel.Actitime.update(Actitime.java:50)
at excel.Actitime.update(Actitime.java:50)
at excel.Actitime.update(Actitime.java:50)
at excel.Actitime.update(Actitime.java:50)
at excel.Actitime.update(Actitime.java:50)
at excel.Actitime.update(Actitime.java:50)
at excel.Actitime.update(Actitime.java:50)
at excel.Actitime.update(Actitime.java:50)
at excel.Actitime.update(Actitime.java:50)
at excel.Actitime.update(Actitime.java:50)
at excel.Actitime.update(Actitime.java:50)
at excel.Actitime.update(Actitime.java:50)
at excel.Actitime.update(Actitime.java:50)
at excel.Actitime.update(Actitime.java:50)
at excel.Actitime.update(Actitime.java:50)
at excel.Actitime.update(Actitime.java:50)
at excel.Actitime.update(Actitime.java:50)
at excel.Actitime.update(Actitime.java:50)
at excel.Actitime.update(Actitime.java:50)
at excel.Actitime.update(Actitime.java:50)
at excel.Actitime.update(Actitime.java:50)
at excel.Actitime.update(Actitime.java:50)
at excel.Actitime.update(Actitime.java:50)
at excel.Actitime.update(Actitime.java:50)
at excel.Actitime.update(Actitime.java:50)
at excel.Actitime.update(Actitime.java:50)
at excel.Actitime.update(Actitime.java:50)
at excel.Actitime.update(Actitime.java:50)
at excel.Actitime.update(Actitime.java:50)
at excel.Actitime.update(Actitime.java:50)
Caused by: org.apache.poi.openxml4j.exceptions.InvalidFormatException: Package should contain a content type part [M1.13]
at org.apache.poi.openxml4j.opc.ZipPackage.getPartsImpl(ZipPackage.java:178)
at org.apache.poi.openxml4j.opc.OPCPackage.getParts(OPCPackage.java:662)
at org.apache.poi.openxml4j.opc.OPCPackage.open(OPCPackage.java:269)
at org.apache.poi.util.PackageHelper.open(PackageHelper.java:39)
at org.apache.poi.xssf.usermodel.XSSFWorkbook.<init>(XSSFWorkbook.java:204)
at utilities.ExcelUtility.initializeWorkbook(ExcelUtility.java:20)
at utilities.ExcelUtility.updateExcelContent(ExcelUtility.java:56)
at excel.Actitime.update(Actitime.java:44)
... 1016 more
]]>
    </error>
  </testcase> <!-- update -->
  <system-out/>
  <testcase classname="excel.Actitime" name="filldata" time="38.494"/>
  <system-out/>
</testsuite> <!-- excel.Actitime -->
