<?xml version="1.0" encoding="UTF-8"?>
<!-- Generated by org.testng.reporters.JUnitReportReporter -->
<testsuite hostname="DESKTOP-5U9F6V6" failures="0" tests="1" name="script.Vitiger" time="15.049" errors="0" timestamp="2023-10-16T10:14:22 IST" skipped="0">
  <testcase classname="script.Vitiger" name="Login" time="15.049"/>
  <system-out/>
</testsuite> <!-- script.Vitiger -->
