<?xml version="1.0" encoding="UTF-8"?>
<!-- Generated by org.testng.reporters.JUnitReportReporter -->
<testsuite hostname="DESKTOP-5U9F6V6" failures="0" tests="6" name="swagtest.SwagScript" time="4.583" errors="0" timestamp="2023-10-21T21:02:19 IST" skipped="0">
  <testcase classname="swagtest.SwagScript" name="LogInPage" time="1.395"/>
  <system-out/>
  <testcase classname="swagtest.SwagScript" name="ProductPage" time="0.976"/>
  <system-out/>
  <testcase classname="swagtest.SwagScript" name="Kartpage" time="0.309"/>
  <system-out/>
  <testcase classname="swagtest.SwagScript" name="Address" time="1.325"/>
  <system-out/>
  <testcase classname="swagtest.SwagScript" name="Confirm" time="0.288"/>
  <system-out/>
  <testcase classname="swagtest.SwagScript" name="Done" time="0.290"/>
  <system-out/>
</testsuite> <!-- swagtest.SwagScript -->
