<?xml version="1.0" encoding="UTF-8"?>
<!-- Generated by org.testng.reporters.JUnitReportReporter -->
<testsuite hostname="DESKTOP-5U9F6V6" failures="0" tests="1" name="xml.Actitime" time="18.238" errors="0" timestamp="2023-10-17T13:16:18 IST" skipped="0">
  <testcase classname="xml.Actitime" name="login" time="18.238"/>
  <system-out/>
</testsuite> <!-- xml.Actitime -->
