<?xml version="1.0" encoding="UTF-8"?>
<!-- Generated by org.testng.reporters.JUnitReportReporter -->
<testsuite hostname="DESKTOP-5U9F6V6" failures="0" tests="1" name="excel.OrangeHrm" time="17.912" errors="0" timestamp="2023-10-15T10:50:00 IST" skipped="0">
  <testcase classname="excel.OrangeHrm" name="Login" time="17.912"/>
  <system-out/>
</testsuite> <!-- excel.OrangeHrm -->
