<?xml version="1.0" encoding="UTF-8"?>
<!-- Generated by org.testng.reporters.JUnitReportReporter -->
<testsuite hostname="DESKTOP-5U9F6V6" failures="0" tests="7" name="orangeHrm.TestOrangeHrm" time="22.710" errors="0" timestamp="2023-10-20T18:25:13 IST" skipped="0">
  <testcase classname="orangeHrm.TestOrangeHrm" name="LoginPage" time="2.698"/>
  <system-out/>
  <testcase classname="orangeHrm.TestOrangeHrm" name="PIMclick" time="3.557"/>
  <system-out/>
  <testcase classname="orangeHrm.TestOrangeHrm" name="veiw" time="1.524"/>
  <system-out/>
  <testcase classname="orangeHrm.TestOrangeHrm" name="AddEmploye" time="2.276"/>
  <system-out/>
  <testcase classname="orangeHrm.TestOrangeHrm" name="PersonalDetails" time="6.406"/>
  <system-out/>
  <testcase classname="orangeHrm.TestOrangeHrm" name="status" time="1.981"/>
  <system-out/>
  <testcase classname="orangeHrm.TestOrangeHrm" name="Deletedetails" time="4.268"/>
  <system-out/>
</testsuite> <!-- orangeHrm.TestOrangeHrm -->
