<?xml version="1.0" encoding="UTF-8"?>
<!-- Generated by org.testng.reporters.JUnitReportReporter -->
<testsuite hostname="DESKTOP-5U9F6V6" failures="0" tests="6" name="swagtest.SwagScript" time="4.354" errors="0" timestamp="2023-10-20T21:09:04 IST" skipped="0">
  <testcase classname="swagtest.SwagScript" name="LogInPage" time="1.440"/>
  <system-out/>
  <testcase classname="swagtest.SwagScript" name="ProductPage" time="0.793"/>
  <system-out/>
  <testcase classname="swagtest.SwagScript" name="Kartpage" time="0.262"/>
  <system-out/>
  <testcase classname="swagtest.SwagScript" name="Address" time="1.322"/>
  <system-out/>
  <testcase classname="swagtest.SwagScript" name="Confirm" time="0.248"/>
  <system-out/>
  <testcase classname="swagtest.SwagScript" name="Done" time="0.289"/>
  <system-out/>
</testsuite> <!-- swagtest.SwagScript -->
