<?xml version="1.0" encoding="UTF-8"?>
<!-- Generated by org.testng.reporters.JUnitReportReporter -->
<testsuite hostname="DESKTOP-5U9F6V6" failures="0" tests="5" name="test.ActitimeValidation" time="16.801" errors="0" timestamp="2023-10-20T11:21:44 IST" skipped="1">
  <testcase classname="test.ActitimeValidation" name="Login" time="2.173"/>
  <system-out/>
  <testcase classname="test.ActitimeValidation" name="report" time="12.087"/>
  <system-out/>
  <testcase classname="test.ActitimeValidation" name="addnew" time="1.971"/>
  <system-out/>
  <testcase classname="test.ActitimeValidation" name="add" time="0.570"/>
  <system-out/>
  <testcase classname="test.ActitimeValidation" name="customer">
    <skipped/>
  </testcase> <!-- customer -->
  <system-out/>
</testsuite> <!-- test.ActitimeValidation -->
