<?xml version="1.0" encoding="UTF-8"?>
<!-- Generated by org.testng.reporters.JUnitReportReporter -->
<testsuite hostname="DESKTOP-5U9F6V6" failures="0" tests="4" name="test.Swag" time="5.475" errors="0" timestamp="2023-10-20T11:21:44 IST" skipped="0">
  <testcase classname="test.Swag" name="login" time="2.404"/>
  <system-out/>
  <testcase classname="test.Swag" name="product" time="0.979"/>
  <system-out/>
  <testcase classname="test.Swag" name="kart" time="0.261"/>
  <system-out/>
  <testcase classname="test.Swag" name="details" time="1.831"/>
  <system-out/>
</testsuite> <!-- test.Swag -->
