<?xml version="1.0" encoding="UTF-8"?>
<!-- Generated by org.testng.reporters.JUnitReportReporter -->
<testsuite hostname="DESKTOP-5U9F6V6" failures="0" tests="5" name="test.Orangehrm" time="20.610" errors="0" timestamp="2023-10-20T11:21:44 IST" skipped="0">
  <testcase classname="test.Orangehrm" name="Loginpage" time="6.404"/>
  <system-out/>
  <testcase classname="test.Orangehrm" name="pim" time="4.579"/>
  <system-out/>
  <testcase classname="test.Orangehrm" name="AddEmploy" time="1.772"/>
  <system-out/>
  <testcase classname="test.Orangehrm" name="Add" time="2.839"/>
  <system-out/>
  <testcase classname="test.Orangehrm" name="detail" time="5.016"/>
  <system-out/>
</testsuite> <!-- test.Orangehrm -->
